<?xml version="1.0" encoding="UTF-8"?>
<!-- Generated by org.testng.reporters.JUnitReportReporter -->
<testsuite hostname="Vaibhav" failures="0" tests="1" name="com.orange.hrm.test.LoginTest" time="2.476" errors="0" timestamp="2025-02-16T17:08:16 IST" skipped="0">
  <testcase classname="com.orange.hrm.test.LoginTest" name="LoginToAppWithValidCredentials" time="2.476"/>
</testsuite> <!-- com.orange.hrm.test.LoginTest -->
