<?xml version="1.0" encoding="UTF-8"?>
<!-- Generated by org.testng.reporters.JUnitReportReporter -->
<testsuite hostname="Vaibhav" failures="0" tests="1" name="com.orange.hrm.test.LoginTest" time="2.694" errors="0" timestamp="2025-02-23T13:54:25 IST" skipped="0">
  <testcase classname="com.orange.hrm.test.LoginTest" name="LoginToAppWithValidCredentials" time="2.694"/>
</testsuite> <!-- com.orange.hrm.test.LoginTest -->
