<?xml version="1.0" encoding="UTF-8"?>
<!-- Generated by org.testng.reporters.JUnitReportReporter -->
<testsuite hostname="Vaibhav" failures="0" tests="4" name="com.test.GoogleTest" time="10.485" errors="0" timestamp="2025-02-13T11:23:26 IST" skipped="1">
  <testcase classname="com.test.GoogleTest" name="testLogout" time="4.246"/>
  <testcase classname="com.test.GoogleTest" name="login" time="4.515"/>
  <testcase classname="com.test.GoogleTest" name="testAdmin" time="1.724"/>
  <testcase classname="com.test.GoogleTest" name="launchSauceDemo">
    <skipped/>
  </testcase> <!-- launchSauceDemo -->
</testsuite> <!-- com.test.GoogleTest -->
