<?xml version="1.0" encoding="UTF-8"?>
<!-- Generated by org.testng.reporters.JUnitReportReporter -->
<testsuite hostname="Vaibhav" failures="0" tests="4" name="com.test.GoogleTest" time="10.730" errors="0" timestamp="2025-02-15T21:36:35 IST" skipped="1">
  <testcase classname="com.test.GoogleTest" name="login" time="4.840"/>
  <testcase classname="com.test.GoogleTest" name="testAdmin" time="2.057"/>
  <testcase classname="com.test.GoogleTest" name="testLogout" time="3.833"/>
  <testcase classname="com.test.GoogleTest" name="launchSauceDemo">
    <skipped/>
  </testcase> <!-- launchSauceDemo -->
</testsuite> <!-- com.test.GoogleTest -->
